<?xml version="1.0" encoding="UTF-8"?>
<!-- Generated by org.testng.reporters.JUnitReportReporter -->
<testsuite skipped="0" hostname="GBBQBQH001M0311.local" name="restAssuredTest.weatherAPI.GetRequest" tests="1" failures="0" timestamp="2021-10-19T07:07:40 BST" time="1.381" errors="0">
  <testcase name="getWeatherAPI" time="1.381" classname="restAssuredTest.weatherAPI.GetRequest"/>
  <system-out/>
</testsuite> <!-- restAssuredTest.weatherAPI.GetRequest -->
